23:26  up 5 days, 10:15, 1 user, load averages: 6.50 6.76 5.19
alien-v3 (node): child done in 0.9s
control (node): child done in 1.1s
sweep (node): child done in 1.1s
arrayd (node): child done in 1.0s
arena (node): child done in 0.9s
arena-links (node): child done in 1.1s
arena-masked (node): child done in 1.0s
arena-host (node): child done in 0.9s
arena-host-fused (node): child done in 1.0s
arena-spkh (node): child done in 0.9s
arena-spkq (node): child done in 1.8s
dalien (node): child done in 1.0s
cosignal (node): child done in 0.9s
cosignal-concurrent (node): child done in 0.9s
cosignals-alt-a (node): child done in 1.2s
cosignals-alt-b (node): child done in 1.2s

runtime: node
shape     alien-v3                            control                             sweep                               arrayd                              arena                               arena-links                         arena-masked                        arena-host                          arena-host-fused                    arena-spkh                          arena-spkq                          dalien                              cosignal                            cosignal-concurrent                 cosignals-alt-a                     cosignals-alt-b                     
deep      3.8ms gc:2.1ms/24 p99:4.5           4.1ms (1.07x) gc:0.4ms/1 p99:4.7    4.6ms (1.21x) gc:0.3ms/1 p99:5.1    3.9ms (1.02x) gc:0.4ms/1 p99:4.3    3.3ms (0.87x) gc:0 p99:4.0          4.7ms (1.24x) gc:0.3ms/1 p99:5.7    3.9ms (1.03x) gc:0 p99:4.6          3.3ms (0.87x) gc:0 p99:5.2          3.4ms (0.90x) gc:0 p99:5.5          3.3ms (0.86x) gc:0 p99:3.9          3.4ms (0.89x) gc:0 p99:13.9         3.2ms (0.84x) gc:0 p99:3.9          2.8ms (0.74x) gc:0 p99:3.4          2.8ms (0.75x) gc:0 p99:3.5          4.5ms (1.20x) gc:0.3ms/1 p99:5.3    5.2ms (1.38x) gc:0.7ms/1 p99:6.1    
broad     3.9ms gc:0.1ms/1 p99:4.9            4.5ms (1.15x) gc:0.3ms/1 p99:5.8    4.0ms (1.01x) gc:0.2ms/1 p99:4.6    4.4ms (1.12x) gc:0.2ms/1 p99:4.6    3.9ms (0.99x) gc:0 p99:4.4          4.9ms (1.26x) gc:0.2ms/1 p99:5.2    4.7ms (1.20x) gc:0.3ms/1 p99:5.3    4.2ms (1.07x) gc:0.4ms/1 p99:4.6    4.2ms (1.07x) gc:0 p99:4.4          3.8ms (0.96x) gc:0.3ms/1 p99:4.2    4.7ms (1.20x) gc:0.8ms/1 p99:18.3   3.7ms (0.93x) gc:0.2ms/1 p99:4.1    3.4ms (0.86x) gc:0 p99:3.8          3.4ms (0.88x) gc:0 p99:3.9          4.3ms (1.11x) gc:1.5ms/3 p99:4.9    4.8ms (1.21x) gc:0 p99:5.3          
diamond   1.4ms gc:0.1ms/1 p99:1.8            1.5ms (1.07x) gc:0 p99:2.0          1.5ms (1.06x) gc:0 p99:1.9          1.8ms (1.31x) gc:0 p99:2.2          1.2ms (0.88x) gc:0.5ms/2 p99:2.6    1.8ms (1.27x) gc:0.1ms/1 p99:2.1    1.4ms (1.05x) gc:0.5ms/2 p99:2.7    1.2ms (0.88x) gc:0.5ms/2 p99:2.7    1.2ms (0.88x) gc:0.7ms/2 p99:2.7    1.2ms (0.85x) gc:0.6ms/2 p99:2.7    1.6ms (1.17x) gc:2.0ms/2 p99:6.5    1.3ms (0.91x) gc:0.6ms/2 p99:2.6    1.2ms (0.84x) gc:0.5ms/2 p99:2.8    1.1ms (0.82x) gc:0.5ms/2 p99:2.6    1.4ms (1.00x) gc:0.3ms/1 p99:2.6    1.5ms (1.09x) gc:0.6ms/1 p99:3.1    
dynamic   0.3ms gc:0.1ms/1 p99:0.5            0.3ms (1.12x) gc:0.2ms/1 p99:0.7    0.3ms (1.20x) gc:0.1ms/1 p99:0.4    0.3ms (1.11x) gc:0.2ms/1 p99:0.6    0.3ms (0.96x) gc:0 p99:0.5          0.4ms (1.32x) gc:0 p99:0.7          0.3ms (1.08x) gc:0 p99:0.5          0.3ms (1.07x) gc:0 p99:0.5          0.3ms (1.02x) gc:0 p99:0.5          0.3ms (1.03x) gc:0 p99:0.5          0.3ms (1.05x) gc:1.9ms/1 p99:3.0    0.3ms (1.04x) gc:0.4ms/1 p99:0.5    0.3ms (0.92x) gc:0 p99:0.6          0.3ms (0.99x) gc:0 p99:0.5          0.4ms (1.30x) gc:0 p99:0.6          0.4ms (1.34x) gc:0 p99:0.7          
create    5.4ms gc:14.9ms/7 p99:13.0          12.2ms (2.24x) gc:27.3ms/11 p99:23.411.5ms (2.13x) gc:33.8ms/11 p99:23.411.6ms (2.14x) gc:26.4ms/11 p99:23.65.0ms (0.93x) gc:29.6ms/7 p99:12.0  13.8ms (2.55x) gc:12.0ms/10 p99:24.55.3ms (0.98x) gc:32.5ms/9 p99:11.4  5.8ms (1.07x) gc:23.3ms/8 p99:12.5  5.7ms (1.06x) gc:24.4ms/8 p99:12.6  5.1ms (0.93x) gc:29.8ms/7 p99:12.4  5.5ms (1.01x) gc:92.8ms/7 p99:35.5  5.8ms (1.08x) gc:31.4ms/9 p99:13.6  5.5ms (1.01x) gc:31.0ms/8 p99:14.9  5.4ms (0.99x) gc:28.7ms/8 p99:14.5  13.8ms (2.54x) gc:74.5ms/13 p99:36.77.4ms (1.37x) gc:52.7ms/8 p99:16.7  
write     2.1ms gc:0 p99:3.1                  2.4ms (1.12x) gc:0 p99:3.5          2.1ms (1.00x) gc:0 p99:2.4          2.0ms (0.95x) gc:0 p99:3.2          2.3ms (1.06x) gc:0 p99:2.8          2.0ms (0.95x) gc:0.2ms/1 p99:2.7    1.9ms (0.88x) gc:0 p99:2.8          2.5ms (1.18x) gc:0 p99:2.9          2.6ms (1.23x) gc:0 p99:2.9          2.3ms (1.06x) gc:0 p99:2.8          2.5ms (1.20x) gc:0 p99:29.3         2.0ms (0.96x) gc:4.9ms/2 p99:3.0    1.9ms (0.87x) gc:0 p99:3.4          2.9ms (1.36x) gc:0 p99:3.9          4.8ms (2.26x) gc:0 p99:6.0          4.6ms (2.18x) gc:6.0ms/1 p99:5.6    
reads     6.1ms gc:0 p99:6.6                  6.9ms (1.13x) gc:0 p99:7.5          6.2ms (1.01x) gc:0 p99:6.7          6.3ms (1.03x) gc:0 p99:6.6          5.8ms (0.94x) gc:0 p99:6.7          6.1ms (1.00x) gc:0 p99:6.8          7.1ms (1.16x) gc:0 p99:7.5          6.4ms (1.05x) gc:0 p99:7.3          6.3ms (1.03x) gc:0 p99:7.2          5.9ms (0.96x) gc:0 p99:6.5          6.1ms (0.99x) gc:0 p99:15.8         5.8ms (0.96x) gc:0 p99:6.2          3.5ms (0.58x) gc:0 p99:4.2          3.5ms (0.57x) gc:0 p99:3.8          6.4ms (1.05x) gc:4.1ms/1 p99:6.7    7.1ms (1.16x) gc:0 p99:7.4          
isolate   3.8ms gc:1.6ms/1 p99:4.3            4.2ms (1.11x) gc:0 p99:4.5          5.8ms (1.54x) gc:0 p99:6.3          3.7ms (0.99x) gc:0 p99:4.2          3.4ms (0.90x) gc:0 p99:4.0          4.2ms (1.12x) gc:0 p99:5.1          3.8ms (1.01x) gc:0 p99:4.6          3.8ms (1.02x) gc:0 p99:4.3          3.8ms (1.00x) gc:0 p99:4.3          3.3ms (0.88x) gc:0 p99:4.1          3.5ms (0.93x) gc:0 p99:4.2          4.0ms (1.06x) gc:0 p99:4.7          3.1ms (0.81x) gc:0 p99:3.7          3.2ms (0.84x) gc:0 p99:3.8          3.8ms (1.02x) gc:0 p99:4.2          5.3ms (1.41x) gc:0 p99:6.1          
